# JRE version: OpenJDK Runtime Environment (21.0.7+6) (build 21.0.7+6-Ubuntu-0ubuntu124.04)
# Java VM: OpenJDK 64-Bit Server VM (21.0.7+6-Ubuntu-0ubuntu124.04, mixed mode, emulated-client, sharing, tiered, compressed oops, compressed class ptrs, g1 gc, linux-amd64)
GC Precious Log:
 CardTable entry size: 512
 Card Set container configuration: InlinePtr #cards 4 size 8 Array Of Cards #cards 16 size 48 Howl #buckets 8 coarsen threshold 3686 Howl Bitmap #cards 512 size 80 coarsen threshold 460 Card regions per heap region 1 cards per card region 4096
 CPUs: 12 total, 12 available
 Memory: 15661M
 Large Page Support: Disabled
 NUMA Support: Disabled
 Compressed Oops: Enabled (Zero based)
 Heap Region Size: 2M
 Heap Min Capacity: 8M
 Heap Initial Capacity: 246M
 Heap Max Capacity: 3916M
 Pre-touch: Disabled
 Parallel Workers: 10
 Concurrent Workers: 3
 Concurrent Refinement Workers: 10
 Periodic GC: Disabled
Heap:
 garbage-first heap   total 139264K, used 54544K [0x000000070b400000, 0x0000000800000000)
  region size 2048K, 6 young (12288K), 3 survivors (6144K)
 Metaspace       used 87764K, committed 88768K, reserved 1179648K
  class space    used 11870K, committed 12352K, reserved 1048576K
GC Heap History (20 events):
Event: 650.032 GC heap before
{Heap before GC invocations=30 (full 3):
 garbage-first heap   total 102400K, used 88264K [0x000000070b400000, 0x0000000800000000)
  region size 2048K, 24 young (49152K), 0 survivors (0K)
 Metaspace       used 86554K, committed 87616K, reserved 1179648K
  class space    used 11743K, committed 12288K, reserved 1048576K
}
Event: 650.037 GC heap after
{Heap after GC invocations=31 (full 3):
 garbage-first heap   total 102400K, used 43692K [0x000000070b400000, 0x0000000800000000)
  region size 2048K, 3 young (6144K), 3 survivors (6144K)
 Metaspace       used 86554K, committed 87616K, reserved 1179648K
  class space    used 11743K, committed 12288K, reserved 1048576K
}
Event: 650.761 GC heap before
{Heap before GC invocations=32 (full 3):
 garbage-first heap   total 102400K, used 84652K [0x000000070b400000, 0x0000000800000000)
  region size 2048K, 24 young (49152K), 3 survivors (6144K)
 Metaspace       used 86682K, committed 87808K, reserved 1179648K
  class space    used 11737K, committed 12288K, reserved 1048576K
}
Event: 650.766 GC heap after
{Heap after GC invocations=33 (full 3):
 garbage-first heap   total 102400K, used 47589K [0x000000070b400000, 0x0000000800000000)
  region size 2048K, 3 young (6144K), 3 survivors (6144K)
 Metaspace       used 86682K, committed 87808K, reserved 1179648K
  class space    used 11737K, committed 12288K, reserved 1048576K
}
Event: 651.171 GC heap before
{Heap before GC invocations=33 (full 3):
 garbage-first heap   total 102400K, used 84453K [0x000000070b400000, 0x0000000800000000)
  region size 2048K, 21 young (43008K), 3 survivors (6144K)
 Metaspace       used 86702K, committed 87808K, reserved 1179648K
  class space    used 11739K, committed 12288K, reserved 1048576K
}
Event: 651.179 GC heap after
{Heap after GC invocations=34 (full 3):
 garbage-first heap   total 102400K, used 47278K [0x000000070b400000, 0x0000000800000000)
  region size 2048K, 2 young (4096K), 2 survivors (4096K)
 Metaspace       used 86702K, committed 87808K, reserved 1179648K
  class space    used 11739K, committed 12288K, reserved 1048576K
}
Event: 652.554 GC heap before
{Heap before GC invocations=34 (full 3):
 garbage-first heap   total 102400K, used 49326K [0x000000070b400000, 0x0000000800000000)
  region size 2048K, 4 young (8192K), 2 survivors (4096K)
 Metaspace       used 86708K, committed 87808K, reserved 1179648K
  class space    used 11741K, committed 12288K, reserved 1048576K
}
Event: 652.659 GC heap after
{Heap after GC invocations=35 (full 4):
 garbage-first heap   total 102400K, used 35151K [0x000000070b400000, 0x0000000800000000)
  region size 2048K, 0 young (0K), 0 survivors (0K)
 Metaspace       used 86702K, committed 87808K, reserved 1179648K
  class space    used 11740K, committed 12288K, reserved 1048576K
}
Event: 653.677 GC heap before
{Heap before GC invocations=35 (full 4):
 garbage-first heap   total 102400K, used 84303K [0x000000070b400000, 0x0000000800000000)
  region size 2048K, 24 young (49152K), 0 survivors (0K)
 Metaspace       used 86784K, committed 87808K, reserved 1179648K
  class space    used 11751K, committed 12288K, reserved 1048576K
}
Event: 653.682 GC heap after
{Heap after GC invocations=36 (full 4):
 garbage-first heap   total 139264K, used 39978K [0x000000070b400000, 0x0000000800000000)
  region size 2048K, 3 young (6144K), 3 survivors (6144K)
 Metaspace       used 86784K, committed 87808K, reserved 1179648K
  class space    used 11751K, committed 12288K, reserved 1048576K
}
Event: 655.564 GC heap before
{Heap before GC invocations=37 (full 4):
 garbage-first heap   total 139264K, used 111658K [0x000000070b400000, 0x0000000800000000)
  region size 2048K, 38 young (77824K), 3 survivors (6144K)
 Metaspace       used 86991K, committed 87936K, reserved 1179648K
  class space    used 11764K, committed 12288K, reserved 1048576K
}
Event: 655.574 GC heap after
{Heap after GC invocations=38 (full 4):
 garbage-first heap   total 139264K, used 44699K [0x000000070b400000, 0x0000000800000000)
  region size 2048K, 5 young (10240K), 5 survivors (10240K)
 Metaspace       used 86991K, committed 87936K, reserved 1179648K
  class space    used 11764K, committed 12288K, reserved 1048576K
}
Event: 1110.745 GC heap before
{Heap before GC invocations=38 (full 4):
 garbage-first heap   total 139264K, used 63131K [0x000000070b400000, 0x0000000800000000)
  region size 2048K, 15 young (30720K), 5 survivors (10240K)
 Metaspace       used 86996K, committed 88000K, reserved 1179648K
  class space    used 11767K, committed 12288K, reserved 1048576K
}
Event: 1110.799 GC heap after
{Heap after GC invocations=39 (full 5):
 garbage-first heap   total 139264K, used 39083K [0x000000070b400000, 0x0000000800000000)
  region size 2048K, 0 young (0K), 0 survivors (0K)
 Metaspace       used 86993K, committed 88000K, reserved 1179648K
  class space    used 11766K, committed 12288K, reserved 1048576K
}
Event: 1112.190 GC heap before
{Heap before GC invocations=39 (full 5):
 garbage-first heap   total 139264K, used 112811K [0x000000070b400000, 0x0000000800000000)
  region size 2048K, 37 young (75776K), 0 survivors (0K)
 Metaspace       used 87155K, committed 88128K, reserved 1179648K
  class space    used 11785K, committed 12288K, reserved 1048576K
}
Event: 1112.196 GC heap after
{Heap after GC invocations=40 (full 5):
 garbage-first heap   total 139264K, used 45676K [0x000000070b400000, 0x0000000800000000)
  region size 2048K, 4 young (8192K), 4 survivors (8192K)
 Metaspace       used 87155K, committed 88128K, reserved 1179648K
  class space    used 11785K, committed 12288K, reserved 1048576K
}
Event: 1114.269 GC heap before
{Heap before GC invocations=41 (full 5):
 garbage-first heap   total 139264K, used 115290K [0x000000070b400000, 0x0000000800000000)
  region size 2048K, 38 young (77824K), 4 survivors (8192K)
 Metaspace       used 87444K, committed 88384K, reserved 1179648K
  class space    used 11831K, committed 12288K, reserved 1048576K
}
Event: 1114.276 GC heap after
{Heap after GC invocations=42 (full 5):
 garbage-first heap   total 139264K, used 49278K [0x000000070b400000, 0x0000000800000000)
  region size 2048K, 3 young (6144K), 3 survivors (6144K)
 Metaspace       used 87444K, committed 88384K, reserved 1179648K
  class space    used 11831K, committed 12288K, reserved 1048576K
}
Event: 1133.375 GC heap before
{Heap before GC invocations=42 (full 5):
 garbage-first heap   total 139264K, used 116862K [0x000000070b400000, 0x0000000800000000)
  region size 2048K, 36 young (73728K), 3 survivors (6144K)
 Metaspace       used 87679K, committed 88640K, reserved 1179648K
  class space    used 11852K, committed 12352K, reserved 1048576K
}
Event: 1133.383 GC heap after
{Heap after GC invocations=43 (full 5):
 garbage-first heap   total 139264K, used 50448K [0x000000070b400000, 0x0000000800000000)
  region size 2048K, 3 young (6144K), 3 survivors (6144K)
 Metaspace       used 87679K, committed 88640K, reserved 1179648K
  class space    used 11852K, committed 12352K, reserved 1048576K
}

